Build started 24/06/2014 1:10:06 AM.
     1>Project "C:\Users\fabratory\Documents\GitHub\Fizz-253\Indy\Tester\Tester\Tester.vcxproj" on node 2 (Build target(s)).
     1>ClCompile:
         C:\Program Files (x86)\Microsoft Visual Studio 12.0\VC\bin\CL.exe /c /ZI /nologo /W3 /WX- /sdl /Od /Oy- /D WIN32 /D _DEBUG /D _CONSOLE /D _LIB /D _UNICODE /D UNICODE /Gm /EHsc /RTC1 /MDd /GS /fp:precise /Zc:wchar_t /Zc:forScope /Yu"stdafx.h" /Fp"Debug\Tester.pch" /Fo"Debug\\" /Fd"Debug\vc120.pdb" /Gd /TP /analyze- /errorReport:prompt "..\..\Ancient Library of Programmatica\StandardCalc.cpp" "..\..\Ancient Library of Programmatica\TapeFollower.cpp"
         TapeFollower.cpp
     1>c:\users\fabratory\documents\github\fizz-253\indy\ancient library of programmatica\tapefollower.cpp(1): warning C4627: '#include "WProgram.h"': skipped when looking for precompiled header use
                 Add directive to 'stdafx.h' or rebuild precompiled header
     1>c:\users\fabratory\documents\github\fizz-253\indy\ancient library of programmatica\tapefollower.cpp(2): warning C4627: '#include "TapeFollower.h"': skipped when looking for precompiled header use
                 Add directive to 'stdafx.h' or rebuild precompiled header
     1>c:\users\fabratory\documents\github\fizz-253\indy\ancient library of programmatica\tapefollower.cpp(3): warning C4627: '#include "StandardCalc.h"': skipped when looking for precompiled header use
                 Add directive to 'stdafx.h' or rebuild precompiled header
     1>c:\users\fabratory\documents\github\fizz-253\indy\ancient library of programmatica\tapefollower.cpp(146): fatal error C1010: unexpected end of file while looking for precompiled header. Did you forget to add '#include "stdafx.h"' to your source?
         StandardCalc.cpp
     1>c:\users\fabratory\documents\github\fizz-253\indy\ancient library of programmatica\standardcalc.cpp(1): warning C4627: '#include "StandardCalc.h"': skipped when looking for precompiled header use
                 Add directive to 'stdafx.h' or rebuild precompiled header
     1>c:\users\fabratory\documents\github\fizz-253\indy\ancient library of programmatica\standardcalc.cpp(10): fatal error C1010: unexpected end of file while looking for precompiled header. Did you forget to add '#include "stdafx.h"' to your source?
         Generating Code...
     1>Done Building Project "C:\Users\fabratory\Documents\GitHub\Fizz-253\Indy\Tester\Tester\Tester.vcxproj" (Build target(s)) -- FAILED.

Build FAILED.

Time Elapsed 00:00:00.23
